<?xml version="1.0" encoding="UTF-8"?>
<!-- Generated by org.testng.reporters.JUnitReportReporter -->
<testsuite hostname="DESKTOP-31PQRDE" failures="0" tests="1" name="test2.test2.GoodLuck" time="4.353" errors="0" timestamp="2024-05-09T20:04:57 ICT" skipped="0">
  <testcase classname="test2.test2.GoodLuck" name="verify" time="4.353"/>
  <system-out/>
</testsuite> <!-- test2.test2.GoodLuck -->
